<?xml version="1.0" encoding="UTF-8"?>
<testng-results skipped="0" failed="5" ignored="12" total="67" passed="50">
  <reporter-output>
  </reporter-output>
  <suite name="MySuite" duration-ms="448986" started-at="2020-10-12T21:34:58 WIB" finished-at="2020-10-12T21:42:27 WIB">
    <groups>
    </groups>
    <test name="Run devices 2" duration-ms="448986" started-at="2020-10-12T21:34:58 WIB" finished-at="2020-10-12T21:42:27 WIB">
      <class name="TestCases.MoreTest">
        <test-method status="PASS" signature="login()[pri:0, instance:TestCases.MoreTest@6ee52dcd]" name="login" duration-ms="13498" started-at="2020-10-12T21:39:28 WIB" finished-at="2020-10-12T21:39:42 WIB">
          <reporter-output>
          </reporter-output>
        </test-method> <!-- login -->
        <test-method status="PASS" signature="More_01()[pri:0, instance:TestCases.MoreTest@6ee52dcd]" name="More_01" duration-ms="4417" started-at="2020-10-12T21:39:42 WIB" finished-at="2020-10-12T21:39:46 WIB">
          <reporter-output>
          </reporter-output>
        </test-method> <!-- More_01 -->
        <test-method status="PASS" signature="More_02()[pri:0, instance:TestCases.MoreTest@6ee52dcd]" name="More_02" duration-ms="3660" started-at="2020-10-12T21:39:46 WIB" finished-at="2020-10-12T21:39:50 WIB">
          <reporter-output>
          </reporter-output>
        </test-method> <!-- More_02 -->
        <test-method status="PASS" signature="More_03()[pri:0, instance:TestCases.MoreTest@6ee52dcd]" name="More_03" duration-ms="1722" started-at="2020-10-12T21:39:50 WIB" finished-at="2020-10-12T21:39:51 WIB">
          <reporter-output>
          </reporter-output>
        </test-method> <!-- More_03 -->
        <test-method status="PASS" signature="More_04()[pri:0, instance:TestCases.MoreTest@6ee52dcd]" name="More_04" duration-ms="4244" started-at="2020-10-12T21:39:51 WIB" finished-at="2020-10-12T21:39:56 WIB">
          <reporter-output>
          </reporter-output>
        </test-method> <!-- More_04 -->
        <test-method status="PASS" signature="More_05()[pri:0, instance:TestCases.MoreTest@6ee52dcd]" name="More_05" duration-ms="4311" started-at="2020-10-12T21:39:56 WIB" finished-at="2020-10-12T21:40:00 WIB">
          <reporter-output>
          </reporter-output>
        </test-method> <!-- More_05 -->
        <test-method status="PASS" signature="More_06()[pri:0, instance:TestCases.MoreTest@6ee52dcd]" name="More_06" duration-ms="3426" started-at="2020-10-12T21:40:00 WIB" finished-at="2020-10-12T21:40:03 WIB">
          <reporter-output>
          </reporter-output>
        </test-method> <!-- More_06 -->
        <test-method status="PASS" signature="More_07()[pri:0, instance:TestCases.MoreTest@6ee52dcd]" name="More_07" duration-ms="2871" started-at="2020-10-12T21:40:03 WIB" finished-at="2020-10-12T21:40:06 WIB">
          <reporter-output>
          </reporter-output>
        </test-method> <!-- More_07 -->
        <test-method status="PASS" signature="More_08()[pri:0, instance:TestCases.MoreTest@6ee52dcd]" name="More_08" duration-ms="2544" started-at="2020-10-12T21:40:06 WIB" finished-at="2020-10-12T21:40:09 WIB">
          <reporter-output>
          </reporter-output>
        </test-method> <!-- More_08 -->
        <test-method status="PASS" signature="More_09()[pri:0, instance:TestCases.MoreTest@6ee52dcd]" name="More_09" duration-ms="3215" started-at="2020-10-12T21:40:09 WIB" finished-at="2020-10-12T21:40:12 WIB">
          <reporter-output>
          </reporter-output>
        </test-method> <!-- More_09 -->
        <test-method status="PASS" signature="More_10()[pri:0, instance:TestCases.MoreTest@6ee52dcd]" name="More_10" duration-ms="4756" started-at="2020-10-12T21:40:12 WIB" finished-at="2020-10-12T21:40:17 WIB">
          <reporter-output>
          </reporter-output>
        </test-method> <!-- More_10 -->
        <test-method status="PASS" signature="More_11()[pri:0, instance:TestCases.MoreTest@6ee52dcd]" name="More_11" duration-ms="4239" started-at="2020-10-12T21:40:17 WIB" finished-at="2020-10-12T21:40:21 WIB">
          <reporter-output>
          </reporter-output>
        </test-method> <!-- More_11 -->
        <test-method status="PASS" signature="More_12()[pri:0, instance:TestCases.MoreTest@6ee52dcd]" name="More_12" duration-ms="3293" started-at="2020-10-12T21:40:21 WIB" finished-at="2020-10-12T21:40:24 WIB">
          <reporter-output>
          </reporter-output>
        </test-method> <!-- More_12 -->
        <test-method status="PASS" signature="More_13()[pri:0, instance:TestCases.MoreTest@6ee52dcd]" name="More_13" duration-ms="2637" started-at="2020-10-12T21:40:24 WIB" finished-at="2020-10-12T21:40:27 WIB">
          <reporter-output>
          </reporter-output>
        </test-method> <!-- More_13 -->
        <test-method status="PASS" signature="More_14()[pri:0, instance:TestCases.MoreTest@6ee52dcd]" name="More_14" duration-ms="4234" started-at="2020-10-12T21:40:27 WIB" finished-at="2020-10-12T21:40:31 WIB">
          <reporter-output>
          </reporter-output>
        </test-method> <!-- More_14 -->
        <test-method status="PASS" signature="More_15()[pri:0, instance:TestCases.MoreTest@6ee52dcd]" name="More_15" duration-ms="4117" started-at="2020-10-12T21:40:31 WIB" finished-at="2020-10-12T21:40:35 WIB">
          <reporter-output>
          </reporter-output>
        </test-method> <!-- More_15 -->
        <test-method status="PASS" signature="More_16()[pri:0, instance:TestCases.MoreTest@6ee52dcd]" name="More_16" duration-ms="2969" started-at="2020-10-12T21:40:35 WIB" finished-at="2020-10-12T21:40:38 WIB">
          <reporter-output>
          </reporter-output>
        </test-method> <!-- More_16 -->
        <test-method status="PASS" signature="More_17()[pri:0, instance:TestCases.MoreTest@6ee52dcd]" name="More_17" duration-ms="3575" started-at="2020-10-12T21:40:38 WIB" finished-at="2020-10-12T21:40:42 WIB">
          <reporter-output>
          </reporter-output>
        </test-method> <!-- More_17 -->
        <test-method status="PASS" signature="More_18()[pri:0, instance:TestCases.MoreTest@6ee52dcd]" name="More_18" duration-ms="3567" started-at="2020-10-12T21:40:42 WIB" finished-at="2020-10-12T21:40:45 WIB">
          <reporter-output>
          </reporter-output>
        </test-method> <!-- More_18 -->
        <test-method status="PASS" signature="More_19()[pri:0, instance:TestCases.MoreTest@6ee52dcd]" name="More_19" duration-ms="2628" started-at="2020-10-12T21:40:45 WIB" finished-at="2020-10-12T21:40:48 WIB">
          <reporter-output>
          </reporter-output>
        </test-method> <!-- More_19 -->
        <test-method status="PASS" signature="More_20()[pri:0, instance:TestCases.MoreTest@6ee52dcd]" name="More_20" duration-ms="2635" started-at="2020-10-12T21:40:48 WIB" finished-at="2020-10-12T21:40:51 WIB">
          <reporter-output>
          </reporter-output>
        </test-method> <!-- More_20 -->
        <test-method status="PASS" signature="resetApplicationState()[pri:0, instance:TestCases.MoreTest@6ee52dcd]" name="resetApplicationState" is-config="true" duration-ms="1416" started-at="2020-10-12T21:40:51 WIB" finished-at="2020-10-12T21:40:52 WIB">
          <reporter-output>
          </reporter-output>
        </test-method> <!-- resetApplicationState -->
      </class> <!-- TestCases.MoreTest -->
      <class name="TestCases.PrayerTest">
        <test-method status="PASS" signature="login()[pri:0, instance:TestCases.PrayerTest@704a52ec]" name="login" duration-ms="13783" started-at="2020-10-12T21:37:48 WIB" finished-at="2020-10-12T21:38:01 WIB">
          <reporter-output>
          </reporter-output>
        </test-method> <!-- login -->
        <test-method status="PASS" signature="Prayer_01()[pri:0, instance:TestCases.PrayerTest@704a52ec]" name="Prayer_01" duration-ms="3910" started-at="2020-10-12T21:38:01 WIB" finished-at="2020-10-12T21:38:05 WIB">
          <reporter-output>
          </reporter-output>
        </test-method> <!-- Prayer_01 -->
        <test-method status="PASS" signature="Prayer_02()[pri:0, instance:TestCases.PrayerTest@704a52ec]" name="Prayer_02" duration-ms="3171" started-at="2020-10-12T21:38:05 WIB" finished-at="2020-10-12T21:38:08 WIB">
          <reporter-output>
          </reporter-output>
        </test-method> <!-- Prayer_02 -->
        <test-method status="PASS" signature="Prayer_03()[pri:0, instance:TestCases.PrayerTest@704a52ec]" name="Prayer_03" duration-ms="3229" started-at="2020-10-12T21:38:08 WIB" finished-at="2020-10-12T21:38:12 WIB">
          <reporter-output>
          </reporter-output>
        </test-method> <!-- Prayer_03 -->
        <test-method status="PASS" signature="Prayer_04()[pri:0, instance:TestCases.PrayerTest@704a52ec]" name="Prayer_04" duration-ms="2654" started-at="2020-10-12T21:38:12 WIB" finished-at="2020-10-12T21:38:14 WIB">
          <reporter-output>
          </reporter-output>
        </test-method> <!-- Prayer_04 -->
        <test-method status="PASS" signature="Prayer_05()[pri:0, instance:TestCases.PrayerTest@704a52ec]" name="Prayer_05" duration-ms="276" started-at="2020-10-12T21:38:14 WIB" finished-at="2020-10-12T21:38:15 WIB">
          <reporter-output>
          </reporter-output>
        </test-method> <!-- Prayer_05 -->
        <test-method status="PASS" signature="Prayer_06()[pri:0, instance:TestCases.PrayerTest@704a52ec]" name="Prayer_06" duration-ms="4203" started-at="2020-10-12T21:38:15 WIB" finished-at="2020-10-12T21:38:19 WIB">
          <reporter-output>
          </reporter-output>
        </test-method> <!-- Prayer_06 -->
        <test-method status="PASS" signature="Prayer_07()[pri:0, instance:TestCases.PrayerTest@704a52ec]" name="Prayer_07" duration-ms="2410" started-at="2020-10-12T21:38:19 WIB" finished-at="2020-10-12T21:38:21 WIB">
          <reporter-output>
          </reporter-output>
        </test-method> <!-- Prayer_07 -->
        <test-method status="FAIL" signature="Prayer_08()[pri:0, instance:TestCases.PrayerTest@704a52ec]" name="Prayer_08" duration-ms="20688" started-at="2020-10-12T21:38:21 WIB" finished-at="2020-10-12T21:38:42 WIB">
          <exception class="org.openqa.selenium.TimeoutException">
            <message>
              <![CDATA[Expected condition failed: waiting for visibility of Proxy element for: DefaultElementLocator 'By.xpath: /hierarchy/android.widget.FrameLayout/android.widget.LinearLayout/android.widget.FrameLayout/android.widget.LinearLayout/android.widget.FrameLayout/android.widget.RelativeLayout/androidx.viewpager.widget.ViewPager/android.view.ViewGroup/android.widget.LinearLayout/androidx.recyclerview.widget.RecyclerView/android.widget.LinearLayout[1]/android.widget.LinearLayout[2]/android.widget.RelativeLayout[1]/android.widget.ImageView' (tried for 10 second(s) with 500 milliseconds interval)]]>
            </message>
            <full-stacktrace>
              <![CDATA[org.openqa.selenium.TimeoutException: Expected condition failed: waiting for visibility of Proxy element for: DefaultElementLocator 'By.xpath: /hierarchy/android.widget.FrameLayout/android.widget.LinearLayout/android.widget.FrameLayout/android.widget.LinearLayout/android.widget.FrameLayout/android.widget.RelativeLayout/androidx.viewpager.widget.ViewPager/android.view.ViewGroup/android.widget.LinearLayout/androidx.recyclerview.widget.RecyclerView/android.widget.LinearLayout[1]/android.widget.LinearLayout[2]/android.widget.RelativeLayout[1]/android.widget.ImageView' (tried for 10 second(s) with 500 milliseconds interval)
at org.openqa.selenium.support.ui.WebDriverWait.timeoutException(WebDriverWait.java:95)
at org.openqa.selenium.support.ui.FluentWait.until(FluentWait.java:272)
at Pages.PrayerPage.clickPrayButton(PrayerPage.java:95)
at TestCases.PrayerTest.Prayer_08(PrayerTest.java:166)
at sun.reflect.NativeMethodAccessorImpl.invoke0(Native Method)
at sun.reflect.NativeMethodAccessorImpl.invoke(NativeMethodAccessorImpl.java:62)
at sun.reflect.DelegatingMethodAccessorImpl.invoke(DelegatingMethodAccessorImpl.java:43)
at java.lang.reflect.Method.invoke(Method.java:498)
at org.testng.internal.MethodInvocationHelper.invokeMethod(MethodInvocationHelper.java:133)
at org.testng.internal.TestInvoker.invokeMethod(TestInvoker.java:584)
at org.testng.internal.TestInvoker.invokeTestMethod(TestInvoker.java:172)
at org.testng.internal.MethodRunner.runInSequence(MethodRunner.java:46)
at org.testng.internal.TestInvoker$MethodInvocationAgent.invoke(TestInvoker.java:804)
at org.testng.internal.TestInvoker.invokeTestMethods(TestInvoker.java:145)
at org.testng.internal.TestMethodWorker.invokeTestMethods(TestMethodWorker.java:146)
at org.testng.internal.TestMethodWorker.run(TestMethodWorker.java:128)
at java.util.ArrayList.forEach(ArrayList.java:1259)
at org.testng.TestRunner.privateRun(TestRunner.java:770)
at org.testng.TestRunner.run(TestRunner.java:591)
at org.testng.SuiteRunner.runTest(SuiteRunner.java:402)
at org.testng.SuiteRunner.runSequentially(SuiteRunner.java:396)
at org.testng.SuiteRunner.privateRun(SuiteRunner.java:355)
at org.testng.SuiteRunner.run(SuiteRunner.java:304)
at org.testng.SuiteRunnerWorker.runSuite(SuiteRunnerWorker.java:53)
at org.testng.SuiteRunnerWorker.run(SuiteRunnerWorker.java:96)
at org.testng.TestNG.runSuitesSequentially(TestNG.java:1180)
at org.testng.TestNG.runSuitesLocally(TestNG.java:1102)
at org.testng.TestNG.runSuites(TestNG.java:1032)
at org.testng.TestNG.run(TestNG.java:1000)
at org.testng.remote.AbstractRemoteTestNG.run(AbstractRemoteTestNG.java:115)
at org.testng.remote.RemoteTestNG.initAndRun(RemoteTestNG.java:251)
at org.testng.remote.RemoteTestNG.main(RemoteTestNG.java:77)
Caused by: org.openqa.selenium.NoSuchElementException: An element could not be located on the page using the given search parameters.
For documentation on this error, please visit: https://www.seleniumhq.org/exceptions/no_such_element.html
Build info: version: '3.141.59', revision: 'e82be7d358', time: '2018-11-14T08:17:03'
System info: host: 'Potatos-Mac', ip: 'fe80:0:0:0:43d:3389:bf74:843b%en0', os.name: 'Mac OS X', os.arch: 'x86_64', os.version: '10.15.6', java.version: '1.8.0_261'
Driver info: io.appium.java_client.android.AndroidDriver
Capabilities {appActivity: sg.wesley.SplashActivity, appPackage: sg.wesley, automationName: UiAutomator2, databaseEnabled: false, desired: {appActivity: sg.wesley.SplashActivity, appPackage: sg.wesley, automationName: UiAutomator2, deviceName: Galaxy A50s, newCommandTimeout: 0, noReset: true, platformName: android}, deviceApiLevel: 29, deviceManufacturer: samsung, deviceModel: SM-A507FN, deviceName: RR8M901GK6R, deviceScreenDensity: 420, deviceScreenSize: 1080x2340, deviceUDID: RR8M901GK6R, javascriptEnabled: true, locationContextEnabled: false, networkConnectionEnabled: true, newCommandTimeout: 0, noReset: true, pixelRatio: 2.625, platform: LINUX, platformName: Android, platformVersion: 10, statBarHeight: 78, takesScreenshot: true, viewportRect: {height: 2053, left: 0, top: 78, width: 1080}, warnings: {}, webStorageEnabled: false}
Session ID: 82e4e63e-66c1-449e-9067-bf143f0e6aca
*** Element info: {Using=xpath, value=/hierarchy/android.widget.FrameLayout/android.widget.LinearLayout/android.widget.FrameLayout/android.widget.LinearLayout/android.widget.FrameLayout/android.widget.RelativeLayout/androidx.viewpager.widget.ViewPager/android.view.ViewGroup/android.widget.LinearLayout/androidx.recyclerview.widget.RecyclerView/android.widget.LinearLayout[1]/android.widget.LinearLayout[2]/android.widget.RelativeLayout[1]/android.widget.ImageView}
at sun.reflect.NativeConstructorAccessorImpl.newInstance0(Native Method)
at sun.reflect.NativeConstructorAccessorImpl.newInstance(NativeConstructorAccessorImpl.java:62)
at sun.reflect.DelegatingConstructorAccessorImpl.newInstance(DelegatingConstructorAccessorImpl.java:45)
at java.lang.reflect.Constructor.newInstance(Constructor.java:423)
at org.openqa.selenium.remote.http.W3CHttpResponseCodec.createException(W3CHttpResponseCodec.java:187)
at org.openqa.selenium.remote.http.W3CHttpResponseCodec.decode(W3CHttpResponseCodec.java:122)
at org.openqa.selenium.remote.http.W3CHttpResponseCodec.decode(W3CHttpResponseCodec.java:49)
at org.openqa.selenium.remote.HttpCommandExecutor.execute(HttpCommandExecutor.java:158)
at io.appium.java_client.remote.AppiumCommandExecutor.execute(AppiumCommandExecutor.java:239)
at org.openqa.selenium.remote.RemoteWebDriver.execute(RemoteWebDriver.java:552)
at io.appium.java_client.DefaultGenericMobileDriver.execute(DefaultGenericMobileDriver.java:41)
at io.appium.java_client.AppiumDriver.execute(AppiumDriver.java:1)
at io.appium.java_client.android.AndroidDriver.execute(AndroidDriver.java:1)
at org.openqa.selenium.remote.RemoteWebDriver.findElement(RemoteWebDriver.java:323)
at io.appium.java_client.DefaultGenericMobileDriver.findElement(DefaultGenericMobileDriver.java:61)
at io.appium.java_client.AppiumDriver.findElement(AppiumDriver.java:1)
at io.appium.java_client.android.AndroidDriver.findElement(AndroidDriver.java:1)
at org.openqa.selenium.remote.RemoteWebDriver.findElementByXPath(RemoteWebDriver.java:428)
at io.appium.java_client.DefaultGenericMobileDriver.findElementByXPath(DefaultGenericMobileDriver.java:151)
at io.appium.java_client.AppiumDriver.findElementByXPath(AppiumDriver.java:1)
at io.appium.java_client.android.AndroidDriver.findElementByXPath(AndroidDriver.java:1)
at org.openqa.selenium.By$ByXPath.findElement(By.java:353)
at org.openqa.selenium.remote.RemoteWebDriver.findElement(RemoteWebDriver.java:315)
at io.appium.java_client.DefaultGenericMobileDriver.findElement(DefaultGenericMobileDriver.java:57)
at io.appium.java_client.AppiumDriver.findElement(AppiumDriver.java:1)
at io.appium.java_client.android.AndroidDriver.findElement(AndroidDriver.java:1)
at org.openqa.selenium.support.pagefactory.DefaultElementLocator.findElement(DefaultElementLocator.java:69)
at org.openqa.selenium.support.pagefactory.internal.LocatingElementHandler.invoke(LocatingElementHandler.java:38)
at com.sun.proxy.$Proxy13.isDisplayed(Unknown Source)
at org.openqa.selenium.support.ui.ExpectedConditions.elementIfVisible(ExpectedConditions.java:314)
at org.openqa.selenium.support.ui.ExpectedConditions.access$000(ExpectedConditions.java:43)
at org.openqa.selenium.support.ui.ExpectedConditions$10.apply(ExpectedConditions.java:300)
at org.openqa.selenium.support.ui.ExpectedConditions$10.apply(ExpectedConditions.java:297)
at org.openqa.selenium.support.ui.FluentWait.until(FluentWait.java:249)
... 30 more
]]>
            </full-stacktrace>
          </exception> <!-- org.openqa.selenium.TimeoutException -->
          <reporter-output>
          </reporter-output>
        </test-method> <!-- Prayer_08 -->
        <test-method status="FAIL" signature="Prayer_09()[pri:0, instance:TestCases.PrayerTest@704a52ec]" name="Prayer_09" duration-ms="20675" started-at="2020-10-12T21:38:43 WIB" finished-at="2020-10-12T21:39:04 WIB">
          <exception class="org.openqa.selenium.TimeoutException">
            <message>
              <![CDATA[Expected condition failed: waiting for visibility of Proxy element for: DefaultElementLocator 'By.xpath: /hierarchy/android.widget.FrameLayout/android.widget.LinearLayout/android.widget.FrameLayout/android.widget.LinearLayout/android.widget.FrameLayout/android.widget.RelativeLayout/androidx.viewpager.widget.ViewPager/android.view.ViewGroup/android.widget.LinearLayout/androidx.recyclerview.widget.RecyclerView/android.widget.LinearLayout[1]/android.widget.LinearLayout[2]/android.widget.RelativeLayout[2]/android.widget.ImageView' (tried for 10 second(s) with 500 milliseconds interval)]]>
            </message>
            <full-stacktrace>
              <![CDATA[org.openqa.selenium.TimeoutException: Expected condition failed: waiting for visibility of Proxy element for: DefaultElementLocator 'By.xpath: /hierarchy/android.widget.FrameLayout/android.widget.LinearLayout/android.widget.FrameLayout/android.widget.LinearLayout/android.widget.FrameLayout/android.widget.RelativeLayout/androidx.viewpager.widget.ViewPager/android.view.ViewGroup/android.widget.LinearLayout/androidx.recyclerview.widget.RecyclerView/android.widget.LinearLayout[1]/android.widget.LinearLayout[2]/android.widget.RelativeLayout[2]/android.widget.ImageView' (tried for 10 second(s) with 500 milliseconds interval)
at org.openqa.selenium.support.ui.WebDriverWait.timeoutException(WebDriverWait.java:95)
at org.openqa.selenium.support.ui.FluentWait.until(FluentWait.java:272)
at Pages.PrayerPage.clickShareButton(PrayerPage.java:99)
at TestCases.PrayerTest.Prayer_09(PrayerTest.java:183)
at sun.reflect.NativeMethodAccessorImpl.invoke0(Native Method)
at sun.reflect.NativeMethodAccessorImpl.invoke(NativeMethodAccessorImpl.java:62)
at sun.reflect.DelegatingMethodAccessorImpl.invoke(DelegatingMethodAccessorImpl.java:43)
at java.lang.reflect.Method.invoke(Method.java:498)
at org.testng.internal.MethodInvocationHelper.invokeMethod(MethodInvocationHelper.java:133)
at org.testng.internal.TestInvoker.invokeMethod(TestInvoker.java:584)
at org.testng.internal.TestInvoker.invokeTestMethod(TestInvoker.java:172)
at org.testng.internal.MethodRunner.runInSequence(MethodRunner.java:46)
at org.testng.internal.TestInvoker$MethodInvocationAgent.invoke(TestInvoker.java:804)
at org.testng.internal.TestInvoker.invokeTestMethods(TestInvoker.java:145)
at org.testng.internal.TestMethodWorker.invokeTestMethods(TestMethodWorker.java:146)
at org.testng.internal.TestMethodWorker.run(TestMethodWorker.java:128)
at java.util.ArrayList.forEach(ArrayList.java:1259)
at org.testng.TestRunner.privateRun(TestRunner.java:770)
at org.testng.TestRunner.run(TestRunner.java:591)
at org.testng.SuiteRunner.runTest(SuiteRunner.java:402)
at org.testng.SuiteRunner.runSequentially(SuiteRunner.java:396)
at org.testng.SuiteRunner.privateRun(SuiteRunner.java:355)
at org.testng.SuiteRunner.run(SuiteRunner.java:304)
at org.testng.SuiteRunnerWorker.runSuite(SuiteRunnerWorker.java:53)
at org.testng.SuiteRunnerWorker.run(SuiteRunnerWorker.java:96)
at org.testng.TestNG.runSuitesSequentially(TestNG.java:1180)
at org.testng.TestNG.runSuitesLocally(TestNG.java:1102)
at org.testng.TestNG.runSuites(TestNG.java:1032)
at org.testng.TestNG.run(TestNG.java:1000)
at org.testng.remote.AbstractRemoteTestNG.run(AbstractRemoteTestNG.java:115)
at org.testng.remote.RemoteTestNG.initAndRun(RemoteTestNG.java:251)
at org.testng.remote.RemoteTestNG.main(RemoteTestNG.java:77)
Caused by: org.openqa.selenium.NoSuchElementException: An element could not be located on the page using the given search parameters.
For documentation on this error, please visit: https://www.seleniumhq.org/exceptions/no_such_element.html
Build info: version: '3.141.59', revision: 'e82be7d358', time: '2018-11-14T08:17:03'
System info: host: 'Potatos-Mac', ip: 'fe80:0:0:0:43d:3389:bf74:843b%en0', os.name: 'Mac OS X', os.arch: 'x86_64', os.version: '10.15.6', java.version: '1.8.0_261'
Driver info: io.appium.java_client.android.AndroidDriver
Capabilities {appActivity: sg.wesley.SplashActivity, appPackage: sg.wesley, automationName: UiAutomator2, databaseEnabled: false, desired: {appActivity: sg.wesley.SplashActivity, appPackage: sg.wesley, automationName: UiAutomator2, deviceName: Galaxy A50s, newCommandTimeout: 0, noReset: true, platformName: android}, deviceApiLevel: 29, deviceManufacturer: samsung, deviceModel: SM-A507FN, deviceName: RR8M901GK6R, deviceScreenDensity: 420, deviceScreenSize: 1080x2340, deviceUDID: RR8M901GK6R, javascriptEnabled: true, locationContextEnabled: false, networkConnectionEnabled: true, newCommandTimeout: 0, noReset: true, pixelRatio: 2.625, platform: LINUX, platformName: Android, platformVersion: 10, statBarHeight: 78, takesScreenshot: true, viewportRect: {height: 2053, left: 0, top: 78, width: 1080}, warnings: {}, webStorageEnabled: false}
Session ID: 82e4e63e-66c1-449e-9067-bf143f0e6aca
*** Element info: {Using=xpath, value=/hierarchy/android.widget.FrameLayout/android.widget.LinearLayout/android.widget.FrameLayout/android.widget.LinearLayout/android.widget.FrameLayout/android.widget.RelativeLayout/androidx.viewpager.widget.ViewPager/android.view.ViewGroup/android.widget.LinearLayout/androidx.recyclerview.widget.RecyclerView/android.widget.LinearLayout[1]/android.widget.LinearLayout[2]/android.widget.RelativeLayout[2]/android.widget.ImageView}
at sun.reflect.NativeConstructorAccessorImpl.newInstance0(Native Method)
at sun.reflect.NativeConstructorAccessorImpl.newInstance(NativeConstructorAccessorImpl.java:62)
at sun.reflect.DelegatingConstructorAccessorImpl.newInstance(DelegatingConstructorAccessorImpl.java:45)
at java.lang.reflect.Constructor.newInstance(Constructor.java:423)
at org.openqa.selenium.remote.http.W3CHttpResponseCodec.createException(W3CHttpResponseCodec.java:187)
at org.openqa.selenium.remote.http.W3CHttpResponseCodec.decode(W3CHttpResponseCodec.java:122)
at org.openqa.selenium.remote.http.W3CHttpResponseCodec.decode(W3CHttpResponseCodec.java:49)
at org.openqa.selenium.remote.HttpCommandExecutor.execute(HttpCommandExecutor.java:158)
at io.appium.java_client.remote.AppiumCommandExecutor.execute(AppiumCommandExecutor.java:239)
at org.openqa.selenium.remote.RemoteWebDriver.execute(RemoteWebDriver.java:552)
at io.appium.java_client.DefaultGenericMobileDriver.execute(DefaultGenericMobileDriver.java:41)
at io.appium.java_client.AppiumDriver.execute(AppiumDriver.java:1)
at io.appium.java_client.android.AndroidDriver.execute(AndroidDriver.java:1)
at org.openqa.selenium.remote.RemoteWebDriver.findElement(RemoteWebDriver.java:323)
at io.appium.java_client.DefaultGenericMobileDriver.findElement(DefaultGenericMobileDriver.java:61)
at io.appium.java_client.AppiumDriver.findElement(AppiumDriver.java:1)
at io.appium.java_client.android.AndroidDriver.findElement(AndroidDriver.java:1)
at org.openqa.selenium.remote.RemoteWebDriver.findElementByXPath(RemoteWebDriver.java:428)
at io.appium.java_client.DefaultGenericMobileDriver.findElementByXPath(DefaultGenericMobileDriver.java:151)
at io.appium.java_client.AppiumDriver.findElementByXPath(AppiumDriver.java:1)
at io.appium.java_client.android.AndroidDriver.findElementByXPath(AndroidDriver.java:1)
at org.openqa.selenium.By$ByXPath.findElement(By.java:353)
at org.openqa.selenium.remote.RemoteWebDriver.findElement(RemoteWebDriver.java:315)
at io.appium.java_client.DefaultGenericMobileDriver.findElement(DefaultGenericMobileDriver.java:57)
at io.appium.java_client.AppiumDriver.findElement(AppiumDriver.java:1)
at io.appium.java_client.android.AndroidDriver.findElement(AndroidDriver.java:1)
at org.openqa.selenium.support.pagefactory.DefaultElementLocator.findElement(DefaultElementLocator.java:69)
at org.openqa.selenium.support.pagefactory.internal.LocatingElementHandler.invoke(LocatingElementHandler.java:38)
at com.sun.proxy.$Proxy13.isDisplayed(Unknown Source)
at org.openqa.selenium.support.ui.ExpectedConditions.elementIfVisible(ExpectedConditions.java:314)
at org.openqa.selenium.support.ui.ExpectedConditions.access$000(ExpectedConditions.java:43)
at org.openqa.selenium.support.ui.ExpectedConditions$10.apply(ExpectedConditions.java:300)
at org.openqa.selenium.support.ui.ExpectedConditions$10.apply(ExpectedConditions.java:297)
at org.openqa.selenium.support.ui.FluentWait.until(FluentWait.java:249)
... 30 more
]]>
            </full-stacktrace>
          </exception> <!-- org.openqa.selenium.TimeoutException -->
          <reporter-output>
          </reporter-output>
        </test-method> <!-- Prayer_09 -->
        <test-method status="FAIL" signature="Prayer_10()[pri:0, instance:TestCases.PrayerTest@704a52ec]" name="Prayer_10" duration-ms="20272" started-at="2020-10-12T21:39:04 WIB" finished-at="2020-10-12T21:39:25 WIB">
          <exception class="org.openqa.selenium.TimeoutException">
            <message>
              <![CDATA[Expected condition failed: waiting for visibility of Proxy element for: DefaultElementLocator 'By.id: sg.wesley:id/btn_prayer_download' (tried for 10 second(s) with 500 milliseconds interval)]]>
            </message>
            <full-stacktrace>
              <![CDATA[org.openqa.selenium.TimeoutException: Expected condition failed: waiting for visibility of Proxy element for: DefaultElementLocator 'By.id: sg.wesley:id/btn_prayer_download' (tried for 10 second(s) with 500 milliseconds interval)
at org.openqa.selenium.support.ui.WebDriverWait.timeoutException(WebDriverWait.java:95)
at org.openqa.selenium.support.ui.FluentWait.until(FluentWait.java:272)
at Pages.PrayerPage.clickDownloadPointer(PrayerPage.java:115)
at TestCases.PrayerTest.Prayer_10(PrayerTest.java:202)
at sun.reflect.NativeMethodAccessorImpl.invoke0(Native Method)
at sun.reflect.NativeMethodAccessorImpl.invoke(NativeMethodAccessorImpl.java:62)
at sun.reflect.DelegatingMethodAccessorImpl.invoke(DelegatingMethodAccessorImpl.java:43)
at java.lang.reflect.Method.invoke(Method.java:498)
at org.testng.internal.MethodInvocationHelper.invokeMethod(MethodInvocationHelper.java:133)
at org.testng.internal.TestInvoker.invokeMethod(TestInvoker.java:584)
at org.testng.internal.TestInvoker.invokeTestMethod(TestInvoker.java:172)
at org.testng.internal.MethodRunner.runInSequence(MethodRunner.java:46)
at org.testng.internal.TestInvoker$MethodInvocationAgent.invoke(TestInvoker.java:804)
at org.testng.internal.TestInvoker.invokeTestMethods(TestInvoker.java:145)
at org.testng.internal.TestMethodWorker.invokeTestMethods(TestMethodWorker.java:146)
at org.testng.internal.TestMethodWorker.run(TestMethodWorker.java:128)
at java.util.ArrayList.forEach(ArrayList.java:1259)
at org.testng.TestRunner.privateRun(TestRunner.java:770)
at org.testng.TestRunner.run(TestRunner.java:591)
at org.testng.SuiteRunner.runTest(SuiteRunner.java:402)
at org.testng.SuiteRunner.runSequentially(SuiteRunner.java:396)
at org.testng.SuiteRunner.privateRun(SuiteRunner.java:355)
at org.testng.SuiteRunner.run(SuiteRunner.java:304)
at org.testng.SuiteRunnerWorker.runSuite(SuiteRunnerWorker.java:53)
at org.testng.SuiteRunnerWorker.run(SuiteRunnerWorker.java:96)
at org.testng.TestNG.runSuitesSequentially(TestNG.java:1180)
at org.testng.TestNG.runSuitesLocally(TestNG.java:1102)
at org.testng.TestNG.runSuites(TestNG.java:1032)
at org.testng.TestNG.run(TestNG.java:1000)
at org.testng.remote.AbstractRemoteTestNG.run(AbstractRemoteTestNG.java:115)
at org.testng.remote.RemoteTestNG.initAndRun(RemoteTestNG.java:251)
at org.testng.remote.RemoteTestNG.main(RemoteTestNG.java:77)
Caused by: org.openqa.selenium.NoSuchElementException: An element could not be located on the page using the given search parameters.
For documentation on this error, please visit: https://www.seleniumhq.org/exceptions/no_such_element.html
Build info: version: '3.141.59', revision: 'e82be7d358', time: '2018-11-14T08:17:03'
System info: host: 'Potatos-Mac', ip: 'fe80:0:0:0:43d:3389:bf74:843b%en0', os.name: 'Mac OS X', os.arch: 'x86_64', os.version: '10.15.6', java.version: '1.8.0_261'
Driver info: io.appium.java_client.android.AndroidDriver
Capabilities {appActivity: sg.wesley.SplashActivity, appPackage: sg.wesley, automationName: UiAutomator2, databaseEnabled: false, desired: {appActivity: sg.wesley.SplashActivity, appPackage: sg.wesley, automationName: UiAutomator2, deviceName: Galaxy A50s, newCommandTimeout: 0, noReset: true, platformName: android}, deviceApiLevel: 29, deviceManufacturer: samsung, deviceModel: SM-A507FN, deviceName: RR8M901GK6R, deviceScreenDensity: 420, deviceScreenSize: 1080x2340, deviceUDID: RR8M901GK6R, javascriptEnabled: true, locationContextEnabled: false, networkConnectionEnabled: true, newCommandTimeout: 0, noReset: true, pixelRatio: 2.625, platform: LINUX, platformName: Android, platformVersion: 10, statBarHeight: 78, takesScreenshot: true, viewportRect: {height: 2053, left: 0, top: 78, width: 1080}, warnings: {}, webStorageEnabled: false}
Session ID: 82e4e63e-66c1-449e-9067-bf143f0e6aca
*** Element info: {Using=id, value=sg.wesley:id/btn_prayer_download}
at sun.reflect.NativeConstructorAccessorImpl.newInstance0(Native Method)
at sun.reflect.NativeConstructorAccessorImpl.newInstance(NativeConstructorAccessorImpl.java:62)
at sun.reflect.DelegatingConstructorAccessorImpl.newInstance(DelegatingConstructorAccessorImpl.java:45)
at java.lang.reflect.Constructor.newInstance(Constructor.java:423)
at org.openqa.selenium.remote.http.W3CHttpResponseCodec.createException(W3CHttpResponseCodec.java:187)
at org.openqa.selenium.remote.http.W3CHttpResponseCodec.decode(W3CHttpResponseCodec.java:122)
at org.openqa.selenium.remote.http.W3CHttpResponseCodec.decode(W3CHttpResponseCodec.java:49)
at org.openqa.selenium.remote.HttpCommandExecutor.execute(HttpCommandExecutor.java:158)
at io.appium.java_client.remote.AppiumCommandExecutor.execute(AppiumCommandExecutor.java:239)
at org.openqa.selenium.remote.RemoteWebDriver.execute(RemoteWebDriver.java:552)
at io.appium.java_client.DefaultGenericMobileDriver.execute(DefaultGenericMobileDriver.java:41)
at io.appium.java_client.AppiumDriver.execute(AppiumDriver.java:1)
at io.appium.java_client.android.AndroidDriver.execute(AndroidDriver.java:1)
at org.openqa.selenium.remote.RemoteWebDriver.findElement(RemoteWebDriver.java:323)
at io.appium.java_client.DefaultGenericMobileDriver.findElement(DefaultGenericMobileDriver.java:61)
at io.appium.java_client.AppiumDriver.findElement(AppiumDriver.java:1)
at io.appium.java_client.android.AndroidDriver.findElement(AndroidDriver.java:1)
at org.openqa.selenium.remote.RemoteWebDriver.findElementById(RemoteWebDriver.java:372)
at io.appium.java_client.DefaultGenericMobileDriver.findElementById(DefaultGenericMobileDriver.java:69)
at io.appium.java_client.AppiumDriver.findElementById(AppiumDriver.java:1)
at io.appium.java_client.android.AndroidDriver.findElementById(AndroidDriver.java:1)
at org.openqa.selenium.By$ById.findElement(By.java:188)
at org.openqa.selenium.remote.RemoteWebDriver.findElement(RemoteWebDriver.java:315)
at io.appium.java_client.DefaultGenericMobileDriver.findElement(DefaultGenericMobileDriver.java:57)
at io.appium.java_client.AppiumDriver.findElement(AppiumDriver.java:1)
at io.appium.java_client.android.AndroidDriver.findElement(AndroidDriver.java:1)
at org.openqa.selenium.support.pagefactory.DefaultElementLocator.findElement(DefaultElementLocator.java:69)
at org.openqa.selenium.support.pagefactory.internal.LocatingElementHandler.invoke(LocatingElementHandler.java:38)
at com.sun.proxy.$Proxy13.isDisplayed(Unknown Source)
at org.openqa.selenium.support.ui.ExpectedConditions.elementIfVisible(ExpectedConditions.java:314)
at org.openqa.selenium.support.ui.ExpectedConditions.access$000(ExpectedConditions.java:43)
at org.openqa.selenium.support.ui.ExpectedConditions$10.apply(ExpectedConditions.java:300)
at org.openqa.selenium.support.ui.ExpectedConditions$10.apply(ExpectedConditions.java:297)
at org.openqa.selenium.support.ui.FluentWait.until(FluentWait.java:249)
... 30 more
]]>
            </full-stacktrace>
          </exception> <!-- org.openqa.selenium.TimeoutException -->
          <reporter-output>
          </reporter-output>
        </test-method> <!-- Prayer_10 -->
        <test-method status="PASS" signature="resetApplicationState()[pri:0, instance:TestCases.PrayerTest@704a52ec]" name="resetApplicationState" is-config="true" duration-ms="1437" started-at="2020-10-12T21:39:27 WIB" finished-at="2020-10-12T21:39:28 WIB">
          <reporter-output>
          </reporter-output>
        </test-method> <!-- resetApplicationState -->
      </class> <!-- TestCases.PrayerTest -->
      <class name="TestCases.AuthenticationTest">
        <test-method status="PASS" signature="a_SetUpAppium(java.lang.String, java.lang.String, java.lang.String, java.lang.String, java.lang.String, java.lang.String)[pri:0, instance:TestCases.AuthenticationTest@1f57539]" name="a_SetUpAppium" is-config="true" duration-ms="13109" started-at="2020-10-12T21:34:45 WIB" finished-at="2020-10-12T21:34:58 WIB">
          <params>
            <param index="0">
              <value>
                <![CDATA[beta]]>
              </value>
            </param>
            <param index="1">
              <value>
                <![CDATA[sg]]>
              </value>
            </param>
            <param index="2">
              <value>
                <![CDATA[4723]]>
              </value>
            </param>
            <param index="3">
              <value>
                <![CDATA[RR8M901GK6R]]>
              </value>
            </param>
            <param index="4">
              <value>
                <![CDATA[Galaxy A50s]]>
              </value>
            </param>
            <param index="5">
              <value>
                <![CDATA[aws]]>
              </value>
            </param>
          </params>
          <reporter-output>
          </reporter-output>
        </test-method> <!-- a_SetUpAppium -->
        <test-method status="PASS" signature="deleteScreenShot()[pri:0, instance:TestCases.AuthenticationTest@1f57539]" name="deleteScreenShot" is-config="true" duration-ms="0" started-at="2020-10-12T21:34:58 WIB" finished-at="2020-10-12T21:34:58 WIB">
          <reporter-output>
          </reporter-output>
        </test-method> <!-- deleteScreenShot -->
        <test-method status="PASS" signature="Authentication_01()[pri:0, instance:TestCases.AuthenticationTest@1f57539]" name="Authentication_01" duration-ms="9282" started-at="2020-10-12T21:34:58 WIB" finished-at="2020-10-12T21:35:07 WIB">
          <reporter-output>
          </reporter-output>
        </test-method> <!-- Authentication_01 -->
        <test-method status="PASS" signature="Authentication_02()[pri:0, instance:TestCases.AuthenticationTest@1f57539]" name="Authentication_02" duration-ms="10084" started-at="2020-10-12T21:35:07 WIB" finished-at="2020-10-12T21:35:17 WIB">
          <reporter-output>
          </reporter-output>
        </test-method> <!-- Authentication_02 -->
        <test-method status="PASS" signature="Authentication_03()[pri:0, instance:TestCases.AuthenticationTest@1f57539]" name="Authentication_03" duration-ms="9028" started-at="2020-10-12T21:35:17 WIB" finished-at="2020-10-12T21:35:26 WIB">
          <reporter-output>
          </reporter-output>
        </test-method> <!-- Authentication_03 -->
        <test-method status="PASS" signature="Authentication_04()[pri:0, instance:TestCases.AuthenticationTest@1f57539]" name="Authentication_04" duration-ms="8280" started-at="2020-10-12T21:35:26 WIB" finished-at="2020-10-12T21:35:35 WIB">
          <reporter-output>
          </reporter-output>
        </test-method> <!-- Authentication_04 -->
        <test-method status="PASS" signature="resetApplicationState()[pri:0, instance:TestCases.AuthenticationTest@1f57539]" name="resetApplicationState" is-config="true" duration-ms="1444" started-at="2020-10-12T21:35:35 WIB" finished-at="2020-10-12T21:35:36 WIB">
          <reporter-output>
          </reporter-output>
        </test-method> <!-- resetApplicationState -->
        <test-method status="PASS" signature="quitDriver()[pri:0, instance:TestCases.AuthenticationTest@1f57539]" name="quitDriver" is-config="true" duration-ms="393" started-at="2020-10-12T21:42:27 WIB" finished-at="2020-10-12T21:42:27 WIB">
          <reporter-output>
          </reporter-output>
        </test-method> <!-- quitDriver -->
      </class> <!-- TestCases.AuthenticationTest -->
      <class name="TestCases.PlanTest">
        <test-method status="PASS" signature="login()[pri:0, instance:TestCases.PlanTest@76f2b07d]" name="login" duration-ms="12822" started-at="2020-10-12T21:35:36 WIB" finished-at="2020-10-12T21:35:49 WIB">
          <reporter-output>
          </reporter-output>
        </test-method> <!-- login -->
        <test-method status="PASS" signature="Plan_01()[pri:0, instance:TestCases.PlanTest@76f2b07d]" name="Plan_01" duration-ms="42864" started-at="2020-10-12T21:35:49 WIB" finished-at="2020-10-12T21:36:32 WIB">
          <reporter-output>
          </reporter-output>
        </test-method> <!-- Plan_01 -->
        <test-method status="PASS" signature="Plan_02()[pri:0, instance:TestCases.PlanTest@76f2b07d]" name="Plan_02" duration-ms="16400" started-at="2020-10-12T21:36:32 WIB" finished-at="2020-10-12T21:36:48 WIB">
          <reporter-output>
          </reporter-output>
        </test-method> <!-- Plan_02 -->
        <test-method status="PASS" signature="Plan_03()[pri:0, instance:TestCases.PlanTest@76f2b07d]" name="Plan_03" duration-ms="5366" started-at="2020-10-12T21:36:48 WIB" finished-at="2020-10-12T21:36:53 WIB">
          <reporter-output>
          </reporter-output>
        </test-method> <!-- Plan_03 -->
        <test-method status="PASS" signature="Plan_05()[pri:0, instance:TestCases.PlanTest@76f2b07d]" name="Plan_05" duration-ms="4409" started-at="2020-10-12T21:36:53 WIB" finished-at="2020-10-12T21:36:58 WIB">
          <reporter-output>
          </reporter-output>
        </test-method> <!-- Plan_05 -->
        <test-method status="PASS" signature="Plan_06()[pri:0, instance:TestCases.PlanTest@76f2b07d]" name="Plan_06" duration-ms="3975" started-at="2020-10-12T21:36:58 WIB" finished-at="2020-10-12T21:37:02 WIB">
          <reporter-output>
          </reporter-output>
        </test-method> <!-- Plan_06 -->
        <test-method status="PASS" signature="Plan_07()[pri:0, instance:TestCases.PlanTest@76f2b07d]" name="Plan_07" duration-ms="13998" started-at="2020-10-12T21:37:02 WIB" finished-at="2020-10-12T21:37:16 WIB">
          <reporter-output>
          </reporter-output>
        </test-method> <!-- Plan_07 -->
        <test-method status="PASS" signature="Plan_08()[pri:0, instance:TestCases.PlanTest@76f2b07d]" name="Plan_08" duration-ms="3497" started-at="2020-10-12T21:37:16 WIB" finished-at="2020-10-12T21:37:19 WIB">
          <reporter-output>
          </reporter-output>
        </test-method> <!-- Plan_08 -->
        <test-method status="PASS" signature="Plan_09()[pri:0, instance:TestCases.PlanTest@76f2b07d]" name="Plan_09" duration-ms="9707" started-at="2020-10-12T21:37:19 WIB" finished-at="2020-10-12T21:37:29 WIB">
          <reporter-output>
          </reporter-output>
        </test-method> <!-- Plan_09 -->
        <test-method status="PASS" signature="Plan_10()[pri:0, instance:TestCases.PlanTest@76f2b07d]" name="Plan_10" duration-ms="3662" started-at="2020-10-12T21:37:29 WIB" finished-at="2020-10-12T21:37:33 WIB">
          <reporter-output>
          </reporter-output>
        </test-method> <!-- Plan_10 -->
        <test-method status="PASS" signature="Plan_12()[pri:0, instance:TestCases.PlanTest@76f2b07d]" name="Plan_12" duration-ms="12713" started-at="2020-10-12T21:37:33 WIB" finished-at="2020-10-12T21:37:45 WIB">
          <reporter-output>
          </reporter-output>
        </test-method> <!-- Plan_12 -->
        <test-method status="PASS" signature="resetApplicationState()[pri:0, instance:TestCases.PlanTest@76f2b07d]" name="resetApplicationState" is-config="true" duration-ms="2120" started-at="2020-10-12T21:37:45 WIB" finished-at="2020-10-12T21:37:48 WIB">
          <reporter-output>
          </reporter-output>
        </test-method> <!-- resetApplicationState -->
      </class> <!-- TestCases.PlanTest -->
      <class name="TestCases.ProfileTest">
        <test-method status="PASS" signature="login()[pri:0, instance:TestCases.ProfileTest@4493d195]" name="login" duration-ms="13637" started-at="2020-10-12T21:40:52 WIB" finished-at="2020-10-12T21:41:06 WIB">
          <reporter-output>
          </reporter-output>
        </test-method> <!-- login -->
        <test-method status="PASS" signature="Profile_01()[pri:0, instance:TestCases.ProfileTest@4493d195]" name="Profile_01" duration-ms="9709" started-at="2020-10-12T21:41:06 WIB" finished-at="2020-10-12T21:41:15 WIB">
          <reporter-output>
          </reporter-output>
        </test-method> <!-- Profile_01 -->
        <test-method status="PASS" signature="Profile_02()[pri:0, instance:TestCases.ProfileTest@4493d195]" name="Profile_02" duration-ms="9133" started-at="2020-10-12T21:41:15 WIB" finished-at="2020-10-12T21:41:25 WIB">
          <reporter-output>
          </reporter-output>
        </test-method> <!-- Profile_02 -->
        <test-method status="PASS" signature="Profile_03()[pri:0, instance:TestCases.ProfileTest@4493d195]" name="Profile_03" duration-ms="4877" started-at="2020-10-12T21:41:25 WIB" finished-at="2020-10-12T21:41:29 WIB">
          <reporter-output>
          </reporter-output>
        </test-method> <!-- Profile_03 -->
        <test-method status="PASS" signature="Profile_04()[pri:0, instance:TestCases.ProfileTest@4493d195]" name="Profile_04" duration-ms="10692" started-at="2020-10-12T21:41:29 WIB" finished-at="2020-10-12T21:41:40 WIB">
          <reporter-output>
          </reporter-output>
        </test-method> <!-- Profile_04 -->
        <test-method status="FAIL" signature="Profile_05()[pri:0, instance:TestCases.ProfileTest@4493d195]" name="Profile_05" duration-ms="17562" started-at="2020-10-12T21:41:40 WIB" finished-at="2020-10-12T21:41:58 WIB">
          <exception class="java.lang.AssertionError">
            <message>
              <![CDATA[cannot find element did not expect to find [true] but found [false]]]>
            </message>
            <full-stacktrace>
              <![CDATA[java.lang.AssertionError: cannot find element did not expect to find [true] but found [false]
at org.testng.Assert.fail(Assert.java:97)
at org.testng.Assert.failNotEquals(Assert.java:969)
at org.testng.Assert.assertTrue(Assert.java:43)
at TestCases.ProfileTest.Profile_05(ProfileTest.java:141)
at sun.reflect.NativeMethodAccessorImpl.invoke0(Native Method)
at sun.reflect.NativeMethodAccessorImpl.invoke(NativeMethodAccessorImpl.java:62)
at sun.reflect.DelegatingMethodAccessorImpl.invoke(DelegatingMethodAccessorImpl.java:43)
at java.lang.reflect.Method.invoke(Method.java:498)
at org.testng.internal.MethodInvocationHelper.invokeMethod(MethodInvocationHelper.java:133)
at org.testng.internal.TestInvoker.invokeMethod(TestInvoker.java:584)
at org.testng.internal.TestInvoker.invokeTestMethod(TestInvoker.java:172)
at org.testng.internal.MethodRunner.runInSequence(MethodRunner.java:46)
at org.testng.internal.TestInvoker$MethodInvocationAgent.invoke(TestInvoker.java:804)
at org.testng.internal.TestInvoker.invokeTestMethods(TestInvoker.java:145)
at org.testng.internal.TestMethodWorker.invokeTestMethods(TestMethodWorker.java:146)
at org.testng.internal.TestMethodWorker.run(TestMethodWorker.java:128)
at java.util.ArrayList.forEach(ArrayList.java:1259)
at org.testng.TestRunner.privateRun(TestRunner.java:770)
at org.testng.TestRunner.run(TestRunner.java:591)
at org.testng.SuiteRunner.runTest(SuiteRunner.java:402)
at org.testng.SuiteRunner.runSequentially(SuiteRunner.java:396)
at org.testng.SuiteRunner.privateRun(SuiteRunner.java:355)
at org.testng.SuiteRunner.run(SuiteRunner.java:304)
at org.testng.SuiteRunnerWorker.runSuite(SuiteRunnerWorker.java:53)
at org.testng.SuiteRunnerWorker.run(SuiteRunnerWorker.java:96)
at org.testng.TestNG.runSuitesSequentially(TestNG.java:1180)
at org.testng.TestNG.runSuitesLocally(TestNG.java:1102)
at org.testng.TestNG.runSuites(TestNG.java:1032)
at org.testng.TestNG.run(TestNG.java:1000)
at org.testng.remote.AbstractRemoteTestNG.run(AbstractRemoteTestNG.java:115)
at org.testng.remote.RemoteTestNG.initAndRun(RemoteTestNG.java:251)
at org.testng.remote.RemoteTestNG.main(RemoteTestNG.java:77)
]]>
            </full-stacktrace>
          </exception> <!-- java.lang.AssertionError -->
          <reporter-output>
          </reporter-output>
        </test-method> <!-- Profile_05 -->
        <test-method status="PASS" signature="Profile_06()[pri:0, instance:TestCases.ProfileTest@4493d195]" name="Profile_06" duration-ms="5036" started-at="2020-10-12T21:41:59 WIB" finished-at="2020-10-12T21:42:04 WIB">
          <reporter-output>
          </reporter-output>
        </test-method> <!-- Profile_06 -->
        <test-method status="FAIL" signature="Profile_07()[pri:0, instance:TestCases.ProfileTest@4493d195]" name="Profile_07" duration-ms="20712" started-at="2020-10-12T21:42:04 WIB" finished-at="2020-10-12T21:42:24 WIB">
          <exception class="org.openqa.selenium.TimeoutException">
            <message>
              <![CDATA[Expected condition failed: waiting for visibility of Proxy element for: DefaultElementLocator 'By.id: sg.wesley:id/tv_edit_profile' (tried for 10 second(s) with 500 milliseconds interval)]]>
            </message>
            <full-stacktrace>
              <![CDATA[org.openqa.selenium.TimeoutException: Expected condition failed: waiting for visibility of Proxy element for: DefaultElementLocator 'By.id: sg.wesley:id/tv_edit_profile' (tried for 10 second(s) with 500 milliseconds interval)
at org.openqa.selenium.support.ui.WebDriverWait.timeoutException(WebDriverWait.java:95)
at org.openqa.selenium.support.ui.FluentWait.until(FluentWait.java:272)
at Pages.ProfilePage.clickEditProfileButton(ProfilePage.java:134)
at TestCases.ProfileTest.Profile_07(ProfileTest.java:184)
at sun.reflect.NativeMethodAccessorImpl.invoke0(Native Method)
at sun.reflect.NativeMethodAccessorImpl.invoke(NativeMethodAccessorImpl.java:62)
at sun.reflect.DelegatingMethodAccessorImpl.invoke(DelegatingMethodAccessorImpl.java:43)
at java.lang.reflect.Method.invoke(Method.java:498)
at org.testng.internal.MethodInvocationHelper.invokeMethod(MethodInvocationHelper.java:133)
at org.testng.internal.TestInvoker.invokeMethod(TestInvoker.java:584)
at org.testng.internal.TestInvoker.invokeTestMethod(TestInvoker.java:172)
at org.testng.internal.MethodRunner.runInSequence(MethodRunner.java:46)
at org.testng.internal.TestInvoker$MethodInvocationAgent.invoke(TestInvoker.java:804)
at org.testng.internal.TestInvoker.invokeTestMethods(TestInvoker.java:145)
at org.testng.internal.TestMethodWorker.invokeTestMethods(TestMethodWorker.java:146)
at org.testng.internal.TestMethodWorker.run(TestMethodWorker.java:128)
at java.util.ArrayList.forEach(ArrayList.java:1259)
at org.testng.TestRunner.privateRun(TestRunner.java:770)
at org.testng.TestRunner.run(TestRunner.java:591)
at org.testng.SuiteRunner.runTest(SuiteRunner.java:402)
at org.testng.SuiteRunner.runSequentially(SuiteRunner.java:396)
at org.testng.SuiteRunner.privateRun(SuiteRunner.java:355)
at org.testng.SuiteRunner.run(SuiteRunner.java:304)
at org.testng.SuiteRunnerWorker.runSuite(SuiteRunnerWorker.java:53)
at org.testng.SuiteRunnerWorker.run(SuiteRunnerWorker.java:96)
at org.testng.TestNG.runSuitesSequentially(TestNG.java:1180)
at org.testng.TestNG.runSuitesLocally(TestNG.java:1102)
at org.testng.TestNG.runSuites(TestNG.java:1032)
at org.testng.TestNG.run(TestNG.java:1000)
at org.testng.remote.AbstractRemoteTestNG.run(AbstractRemoteTestNG.java:115)
at org.testng.remote.RemoteTestNG.initAndRun(RemoteTestNG.java:251)
at org.testng.remote.RemoteTestNG.main(RemoteTestNG.java:77)
Caused by: org.openqa.selenium.NoSuchElementException: An element could not be located on the page using the given search parameters.
For documentation on this error, please visit: https://www.seleniumhq.org/exceptions/no_such_element.html
Build info: version: '3.141.59', revision: 'e82be7d358', time: '2018-11-14T08:17:03'
System info: host: 'Potatos-Mac', ip: 'fe80:0:0:0:43d:3389:bf74:843b%en0', os.name: 'Mac OS X', os.arch: 'x86_64', os.version: '10.15.6', java.version: '1.8.0_261'
Driver info: io.appium.java_client.android.AndroidDriver
Capabilities {appActivity: sg.wesley.SplashActivity, appPackage: sg.wesley, automationName: UiAutomator2, databaseEnabled: false, desired: {appActivity: sg.wesley.SplashActivity, appPackage: sg.wesley, automationName: UiAutomator2, deviceName: Galaxy A50s, newCommandTimeout: 0, noReset: true, platformName: android}, deviceApiLevel: 29, deviceManufacturer: samsung, deviceModel: SM-A507FN, deviceName: RR8M901GK6R, deviceScreenDensity: 420, deviceScreenSize: 1080x2340, deviceUDID: RR8M901GK6R, javascriptEnabled: true, locationContextEnabled: false, networkConnectionEnabled: true, newCommandTimeout: 0, noReset: true, pixelRatio: 2.625, platform: LINUX, platformName: Android, platformVersion: 10, statBarHeight: 78, takesScreenshot: true, viewportRect: {height: 2053, left: 0, top: 78, width: 1080}, warnings: {}, webStorageEnabled: false}
Session ID: 82e4e63e-66c1-449e-9067-bf143f0e6aca
*** Element info: {Using=id, value=sg.wesley:id/tv_edit_profile}
at sun.reflect.NativeConstructorAccessorImpl.newInstance0(Native Method)
at sun.reflect.NativeConstructorAccessorImpl.newInstance(NativeConstructorAccessorImpl.java:62)
at sun.reflect.DelegatingConstructorAccessorImpl.newInstance(DelegatingConstructorAccessorImpl.java:45)
at java.lang.reflect.Constructor.newInstance(Constructor.java:423)
at org.openqa.selenium.remote.http.W3CHttpResponseCodec.createException(W3CHttpResponseCodec.java:187)
at org.openqa.selenium.remote.http.W3CHttpResponseCodec.decode(W3CHttpResponseCodec.java:122)
at org.openqa.selenium.remote.http.W3CHttpResponseCodec.decode(W3CHttpResponseCodec.java:49)
at org.openqa.selenium.remote.HttpCommandExecutor.execute(HttpCommandExecutor.java:158)
at io.appium.java_client.remote.AppiumCommandExecutor.execute(AppiumCommandExecutor.java:239)
at org.openqa.selenium.remote.RemoteWebDriver.execute(RemoteWebDriver.java:552)
at io.appium.java_client.DefaultGenericMobileDriver.execute(DefaultGenericMobileDriver.java:41)
at io.appium.java_client.AppiumDriver.execute(AppiumDriver.java:1)
at io.appium.java_client.android.AndroidDriver.execute(AndroidDriver.java:1)
at org.openqa.selenium.remote.RemoteWebDriver.findElement(RemoteWebDriver.java:323)
at io.appium.java_client.DefaultGenericMobileDriver.findElement(DefaultGenericMobileDriver.java:61)
at io.appium.java_client.AppiumDriver.findElement(AppiumDriver.java:1)
at io.appium.java_client.android.AndroidDriver.findElement(AndroidDriver.java:1)
at org.openqa.selenium.remote.RemoteWebDriver.findElementById(RemoteWebDriver.java:372)
at io.appium.java_client.DefaultGenericMobileDriver.findElementById(DefaultGenericMobileDriver.java:69)
at io.appium.java_client.AppiumDriver.findElementById(AppiumDriver.java:1)
at io.appium.java_client.android.AndroidDriver.findElementById(AndroidDriver.java:1)
at org.openqa.selenium.By$ById.findElement(By.java:188)
at org.openqa.selenium.remote.RemoteWebDriver.findElement(RemoteWebDriver.java:315)
at io.appium.java_client.DefaultGenericMobileDriver.findElement(DefaultGenericMobileDriver.java:57)
at io.appium.java_client.AppiumDriver.findElement(AppiumDriver.java:1)
at io.appium.java_client.android.AndroidDriver.findElement(AndroidDriver.java:1)
at org.openqa.selenium.support.pagefactory.DefaultElementLocator.findElement(DefaultElementLocator.java:69)
at org.openqa.selenium.support.pagefactory.internal.LocatingElementHandler.invoke(LocatingElementHandler.java:38)
at com.sun.proxy.$Proxy13.isDisplayed(Unknown Source)
at org.openqa.selenium.support.ui.ExpectedConditions.elementIfVisible(ExpectedConditions.java:314)
at org.openqa.selenium.support.ui.ExpectedConditions.access$000(ExpectedConditions.java:43)
at org.openqa.selenium.support.ui.ExpectedConditions$10.apply(ExpectedConditions.java:300)
at org.openqa.selenium.support.ui.ExpectedConditions$10.apply(ExpectedConditions.java:297)
at org.openqa.selenium.support.ui.FluentWait.until(FluentWait.java:249)
... 30 more
]]>
            </full-stacktrace>
          </exception> <!-- org.openqa.selenium.TimeoutException -->
          <reporter-output>
          </reporter-output>
        </test-method> <!-- Profile_07 -->
        <test-method status="PASS" signature="resetApplicationState()[pri:0, instance:TestCases.ProfileTest@4493d195]" name="resetApplicationState" is-config="true" duration-ms="1539" started-at="2020-10-12T21:42:25 WIB" finished-at="2020-10-12T21:42:27 WIB">
          <reporter-output>
          </reporter-output>
        </test-method> <!-- resetApplicationState -->
      </class> <!-- TestCases.ProfileTest -->
    </test> <!-- Run devices 2 -->
  </suite> <!-- MySuite -->
</testng-results>
